<?xml version="1.0" encoding="UTF-8"?>
<!-- Generated by org.testng.reporters.JUnitXMLReporter -->
<testsuite ignored="4" hostname="LAPTOP-VVE0L06F" failures="0" tests="1" name="Default test" time="96.688" errors="0" timestamp="2021-04-03T22:48:41 IST">
  <testcase classname="com.crm.qa.testCases.ContactsPageTest" name="deleteContactOnContactsPage" time="65.094"/>
  <testcase classname="com.crm.qa.testCases.ContactsPageTest" name="printTablevaluesonconsole" time="0.0">
    <ignored/>
  </testcase> <!-- printTablevaluesonconsole -->
  <testcase classname="com.crm.qa.testCases.ContactsPageTest" name="ValidateCheckBoxinContactsTable" time="0.0">
    <ignored/>
  </testcase> <!-- ValidateCheckBoxinContactsTable -->
  <testcase classname="com.crm.qa.testCases.ContactsPageTest" name="createNewForm" time="0.0">
    <ignored/>
  </testcase> <!-- createNewForm -->
  <testcase classname="com.crm.qa.testCases.ContactsPageTest" name="ValidateContactsLabel" time="0.0">
    <ignored/>
  </testcase> <!-- ValidateContactsLabel -->
</testsuite> <!-- Default test -->
