<?xml version="1.0" encoding="UTF-8"?>
<testng-results ignored="4" total="5" passed="1" failed="0" skipped="0">
  <reporter-output>
  </reporter-output>
  <suite started-at="2021-04-03T22:47:04 IST" name="Default suite" finished-at="2021-04-03T22:48:41 IST" duration-ms="96688">
    <groups>
    </groups>
    <test started-at="2021-04-03T22:47:04 IST" name="Default test" finished-at="2021-04-03T22:48:41 IST" duration-ms="96688">
      <class name="com.crm.qa.testCases.ContactsPageTest">
        <test-method is-config="true" signature="setUp()[pri:0, instance:com.crm.qa.testCases.ContactsPageTest@4a668b6e]" started-at="2021-04-03T22:47:04 IST" name="setUp" finished-at="2021-04-03T22:47:36 IST" duration-ms="31557" status="PASS">
          <reporter-output>
          </reporter-output>
        </test-method> <!-- setUp -->
        <test-method signature="deleteContactOnContactsPage()[pri:1, instance:com.crm.qa.testCases.ContactsPageTest@4a668b6e]" started-at="2021-04-03T22:47:36 IST" name="deleteContactOnContactsPage" finished-at="2021-04-03T22:48:41 IST" duration-ms="65094" status="PASS">
          <reporter-output>
          </reporter-output>
        </test-method> <!-- deleteContactOnContactsPage -->
        <test-method is-config="true" signature="tearDown()[pri:0, instance:com.crm.qa.testCases.ContactsPageTest@4a668b6e]" started-at="2021-04-03T22:48:41 IST" name="tearDown" finished-at="2021-04-03T22:48:41 IST" duration-ms="1" status="PASS">
          <reporter-output>
          </reporter-output>
        </test-method> <!-- tearDown -->
      </class> <!-- com.crm.qa.testCases.ContactsPageTest -->
    </test> <!-- Default test -->
  </suite> <!-- Default suite -->
</testng-results>
